This is pdfTeX, Version 3.141592653-2.6-1.40.27 (MiKTeX 25.4) (preloaded format=pdflatex 2025.10.2)  7 OCT 2025 20:42
entering extended mode
 restricted \write18 enabled.
 %&-line parsing enabled.
**./main.tex
(main.tex
LaTeX2e <2025-06-01> patch level 1
L3 programming layer <2025-09-02>
(C:\Users\rbrna\AppData\Local\Programs\MiKTeX\tex/latex/base\report.cls
Document Class: report 2025/01/22 v1.4n Standard LaTeX document class
(C:\Users\rbrna\AppData\Local\Programs\MiKTeX\tex/latex/base\size12.clo
File: size12.clo 2025/01/22 v1.4n Standard LaTeX file (size option)
)
\c@part=\count275
\c@chapter=\count276
\c@section=\count277
\c@subsection=\count278
\c@subsubsection=\count279
\c@paragraph=\count280
\c@subparagraph=\count281
\c@figure=\count282
\c@table=\count283
\abovecaptionskip=\skip49
\belowcaptionskip=\skip50
\bibindent=\dimen148
)
(C:\Users\rbrna\AppData\Local\Programs\MiKTeX\tex/latex/base\inputenc.sty
Package: inputenc 2024/02/08 v1.3d Input encoding file
\inpenc@prehook=\toks17
\inpenc@posthook=\toks18
)
(C:\Users\rbrna\AppData\Local\Programs\MiKTeX\tex/latex/geometry\geometry.sty
Package: geometry 2020/01/02 v5.9 Page Geometry

(C:\Users\rbrna\AppData\Local\Programs\MiKTeX\tex/latex/graphics\keyval.sty
Package: keyval 2022/05/29 v1.15 key=value parser (DPC)
\KV@toks@=\toks19
)
(C:\Users\rbrna\AppData\Local\Programs\MiKTeX\tex/generic/iftex\ifvtex.sty
Package: ifvtex 2019/10/25 v1.7 ifvtex legacy package. Use iftex instead.

(C:\Users\rbrna\AppData\Local\Programs\MiKTeX\tex/generic/iftex\iftex.sty
Package: iftex 2024/12/12 v1.0g TeX engine tests
))
\Gm@cnth=\count284
\Gm@cntv=\count285
\c@Gm@tempcnt=\count286
\Gm@bindingoffset=\dimen149
\Gm@wd@mp=\dimen150
\Gm@odd@mp=\dimen151
\Gm@even@mp=\dimen152
\Gm@layoutwidth=\dimen153
\Gm@layoutheight=\dimen154
\Gm@layouthoffset=\dimen155
\Gm@layoutvoffset=\dimen156
\Gm@dimlist=\toks20

(C:\Users\rbrna\AppData\Local\Programs\MiKTeX\tex/latex/geometry\geometry.cfg))

(C:\Users\rbrna\AppData\Local\Programs\MiKTeX\tex/latex/pgf/frontendlayer\tikz.
sty
(C:\Users\rbrna\AppData\Local\Programs\MiKTeX\tex/latex/pgf/basiclayer\pgf.sty
(C:\Users\rbrna\AppData\Local\Programs\MiKTeX\tex/latex/pgf/utilities\pgfrcs.st
y
(C:\Users\rbrna\AppData\Local\Programs\MiKTeX\tex/generic/pgf/utilities\pgfutil
-common.tex
\pgfutil@everybye=\toks21
\pgfutil@tempdima=\dimen157
\pgfutil@tempdimb=\dimen158
)
(C:\Users\rbrna\AppData\Local\Programs\MiKTeX\tex/generic/pgf/utilities\pgfutil
-latex.def
\pgfutil@abb=\box53
)
(C:\Users\rbrna\AppData\Local\Programs\MiKTeX\tex/generic/pgf/utilities\pgfrcs.
code.tex
(C:\Users\rbrna\AppData\Local\Programs\MiKTeX\tex/generic/pgf\pgf.revision.tex)
Package: pgfrcs 2025-08-29 v3.1.11a (3.1.11a)
))
Package: pgf 2025-08-29 v3.1.11a (3.1.11a)

(C:\Users\rbrna\AppData\Local\Programs\MiKTeX\tex/latex/pgf/basiclayer\pgfcore.
sty
(C:\Users\rbrna\AppData\Local\Programs\MiKTeX\tex/latex/graphics\graphicx.sty
Package: graphicx 2024/12/31 v1.2e Enhanced LaTeX Graphics (DPC,SPQR)

(C:\Users\rbrna\AppData\Local\Programs\MiKTeX\tex/latex/graphics\graphics.sty
Package: graphics 2024/08/06 v1.4g Standard LaTeX Graphics (DPC,SPQR)

(C:\Users\rbrna\AppData\Local\Programs\MiKTeX\tex/latex/graphics\trig.sty
Package: trig 2023/12/02 v1.11 sin cos tan (DPC)
)
(C:\Users\rbrna\AppData\Local\Programs\MiKTeX\tex/latex/graphics-cfg\graphics.c
fg
File: graphics.cfg 2016/06/04 v1.11 sample graphics configuration
)
Package graphics Info: Driver file: pdftex.def on input line 106.

(C:\Users\rbrna\AppData\Local\Programs\MiKTeX\tex/latex/graphics-def\pdftex.def
File: pdftex.def 2024/04/13 v1.2c Graphics/color driver for pdftex
))
\Gin@req@height=\dimen159
\Gin@req@width=\dimen160
)
(C:\Users\rbrna\AppData\Local\Programs\MiKTeX\tex/latex/pgf/systemlayer\pgfsys.
sty
(C:\Users\rbrna\AppData\Local\Programs\MiKTeX\tex/generic/pgf/systemlayer\pgfsy
s.code.tex
Package: pgfsys 2025-08-29 v3.1.11a (3.1.11a)

(C:\Users\rbrna\AppData\Local\Programs\MiKTeX\tex/generic/pgf/utilities\pgfkeys
.code.tex
\pgfkeys@pathtoks=\toks22
\pgfkeys@temptoks=\toks23

(C:\Users\rbrna\AppData\Local\Programs\MiKTeX\tex/generic/pgf/utilities\pgfkeys
libraryfiltered.code.tex
\pgfkeys@tmptoks=\toks24
))
\pgf@x=\dimen161
\pgf@y=\dimen162
\pgf@xa=\dimen163
\pgf@ya=\dimen164
\pgf@xb=\dimen165
\pgf@yb=\dimen166
\pgf@xc=\dimen167
\pgf@yc=\dimen168
\pgf@xd=\dimen169
\pgf@yd=\dimen170
\w@pgf@writea=\write3
\r@pgf@reada=\read2
\c@pgf@counta=\count287
\c@pgf@countb=\count288
\c@pgf@countc=\count289
\c@pgf@countd=\count290
\t@pgf@toka=\toks25
\t@pgf@tokb=\toks26
\t@pgf@tokc=\toks27
\pgf@sys@id@count=\count291

(C:\Users\rbrna\AppData\Local\Programs\MiKTeX\tex/generic/pgf/systemlayer\pgf.c
fg
File: pgf.cfg 2025-08-29 v3.1.11a (3.1.11a)
)
Driver file for pgf: pgfsys-pdftex.def

(C:\Users\rbrna\AppData\Local\Programs\MiKTeX\tex/generic/pgf/systemlayer\pgfsy
s-pdftex.def
File: pgfsys-pdftex.def 2025-08-29 v3.1.11a (3.1.11a)

(C:\Users\rbrna\AppData\Local\Programs\MiKTeX\tex/generic/pgf/systemlayer\pgfsy
s-common-pdf.def
File: pgfsys-common-pdf.def 2025-08-29 v3.1.11a (3.1.11a)
)))
(C:\Users\rbrna\AppData\Local\Programs\MiKTeX\tex/generic/pgf/systemlayer\pgfsy
ssoftpath.code.tex
File: pgfsyssoftpath.code.tex 2025-08-29 v3.1.11a (3.1.11a)
\pgfsyssoftpath@smallbuffer@items=\count292
\pgfsyssoftpath@bigbuffer@items=\count293
)
(C:\Users\rbrna\AppData\Local\Programs\MiKTeX\tex/generic/pgf/systemlayer\pgfsy
sprotocol.code.tex
File: pgfsysprotocol.code.tex 2025-08-29 v3.1.11a (3.1.11a)
))
(C:\Users\rbrna\AppData\Local\Programs\MiKTeX\tex/latex/xcolor\xcolor.sty
Package: xcolor 2024/09/29 v3.02 LaTeX color extensions (UK)

(C:\Users\rbrna\AppData\Local\Programs\MiKTeX\tex/latex/graphics-cfg\color.cfg
File: color.cfg 2016/01/02 v1.6 sample color configuration
)
Package xcolor Info: Driver file: pdftex.def on input line 274.
(C:\Users\rbrna\AppData\Local\Programs\MiKTeX\tex/latex/graphics\mathcolor.ltx)
Package xcolor Info: Model `cmy' substituted by `cmy0' on input line 1349.
Package xcolor Info: Model `hsb' substituted by `rgb' on input line 1353.
Package xcolor Info: Model `RGB' extended on input line 1365.
Package xcolor Info: Model `HTML' substituted by `rgb' on input line 1367.
Package xcolor Info: Model `Hsb' substituted by `hsb' on input line 1368.
Package xcolor Info: Model `tHsb' substituted by `hsb' on input line 1369.
Package xcolor Info: Model `HSB' substituted by `hsb' on input line 1370.
Package xcolor Info: Model `Gray' substituted by `gray' on input line 1371.
Package xcolor Info: Model `wave' substituted by `hsb' on input line 1372.
)
(C:\Users\rbrna\AppData\Local\Programs\MiKTeX\tex/generic/pgf/basiclayer\pgfcor
e.code.tex
Package: pgfcore 2025-08-29 v3.1.11a (3.1.11a)

(C:\Users\rbrna\AppData\Local\Programs\MiKTeX\tex/generic/pgf/math\pgfmath.code
.tex
(C:\Users\rbrna\AppData\Local\Programs\MiKTeX\tex/generic/pgf/math\pgfmathutil.
code.tex)
(C:\Users\rbrna\AppData\Local\Programs\MiKTeX\tex/generic/pgf/math\pgfmathparse
r.code.tex
\pgfmath@dimen=\dimen171
\pgfmath@count=\count294
\pgfmath@box=\box54
\pgfmath@toks=\toks28
\pgfmath@stack@operand=\toks29
\pgfmath@stack@operation=\toks30
)
(C:\Users\rbrna\AppData\Local\Programs\MiKTeX\tex/generic/pgf/math\pgfmathfunct
ions.code.tex)
(C:\Users\rbrna\AppData\Local\Programs\MiKTeX\tex/generic/pgf/math\pgfmathfunct
ions.basic.code.tex)
(C:\Users\rbrna\AppData\Local\Programs\MiKTeX\tex/generic/pgf/math\pgfmathfunct
ions.trigonometric.code.tex)
(C:\Users\rbrna\AppData\Local\Programs\MiKTeX\tex/generic/pgf/math\pgfmathfunct
ions.random.code.tex)
(C:\Users\rbrna\AppData\Local\Programs\MiKTeX\tex/generic/pgf/math\pgfmathfunct
ions.comparison.code.tex)
(C:\Users\rbrna\AppData\Local\Programs\MiKTeX\tex/generic/pgf/math\pgfmathfunct
ions.base.code.tex)
(C:\Users\rbrna\AppData\Local\Programs\MiKTeX\tex/generic/pgf/math\pgfmathfunct
ions.round.code.tex)
(C:\Users\rbrna\AppData\Local\Programs\MiKTeX\tex/generic/pgf/math\pgfmathfunct
ions.misc.code.tex)
(C:\Users\rbrna\AppData\Local\Programs\MiKTeX\tex/generic/pgf/math\pgfmathfunct
ions.integerarithmetics.code.tex)
(C:\Users\rbrna\AppData\Local\Programs\MiKTeX\tex/generic/pgf/math\pgfmathcalc.
code.tex)
(C:\Users\rbrna\AppData\Local\Programs\MiKTeX\tex/generic/pgf/math\pgfmathfloat
.code.tex
\c@pgfmathroundto@lastzeros=\count295
))
(C:\Users\rbrna\AppData\Local\Programs\MiKTeX\tex/generic/pgf/math\pgfint.code.
tex)
(C:\Users\rbrna\AppData\Local\Programs\MiKTeX\tex/generic/pgf/basiclayer\pgfcor
epoints.code.tex
File: pgfcorepoints.code.tex 2025-08-29 v3.1.11a (3.1.11a)
\pgf@picminx=\dimen172
\pgf@picmaxx=\dimen173
\pgf@picminy=\dimen174
\pgf@picmaxy=\dimen175
\pgf@pathminx=\dimen176
\pgf@pathmaxx=\dimen177
\pgf@pathminy=\dimen178
\pgf@pathmaxy=\dimen179
\pgf@xx=\dimen180
\pgf@xy=\dimen181
\pgf@yx=\dimen182
\pgf@yy=\dimen183
\pgf@zx=\dimen184
\pgf@zy=\dimen185
)
(C:\Users\rbrna\AppData\Local\Programs\MiKTeX\tex/generic/pgf/basiclayer\pgfcor
epathconstruct.code.tex
File: pgfcorepathconstruct.code.tex 2025-08-29 v3.1.11a (3.1.11a)
\pgf@path@lastx=\dimen186
\pgf@path@lasty=\dimen187
)
(C:\Users\rbrna\AppData\Local\Programs\MiKTeX\tex/generic/pgf/basiclayer\pgfcor
epathusage.code.tex
File: pgfcorepathusage.code.tex 2025-08-29 v3.1.11a (3.1.11a)
\pgf@shorten@end@additional=\dimen188
\pgf@shorten@start@additional=\dimen189
)
(C:\Users\rbrna\AppData\Local\Programs\MiKTeX\tex/generic/pgf/basiclayer\pgfcor
escopes.code.tex
File: pgfcorescopes.code.tex 2025-08-29 v3.1.11a (3.1.11a)
\pgfpic=\box55
\pgf@hbox=\box56
\pgf@layerbox@main=\box57
\pgf@picture@serial@count=\count296
)
(C:\Users\rbrna\AppData\Local\Programs\MiKTeX\tex/generic/pgf/basiclayer\pgfcor
egraphicstate.code.tex
File: pgfcoregraphicstate.code.tex 2025-08-29 v3.1.11a (3.1.11a)
\pgflinewidth=\dimen190
)
(C:\Users\rbrna\AppData\Local\Programs\MiKTeX\tex/generic/pgf/basiclayer\pgfcor
etransformations.code.tex
File: pgfcoretransformations.code.tex 2025-08-29 v3.1.11a (3.1.11a)
\pgf@pt@x=\dimen191
\pgf@pt@y=\dimen192
\pgf@pt@temp=\dimen193
)
(C:\Users\rbrna\AppData\Local\Programs\MiKTeX\tex/generic/pgf/basiclayer\pgfcor
equick.code.tex
File: pgfcorequick.code.tex 2025-08-29 v3.1.11a (3.1.11a)
)
(C:\Users\rbrna\AppData\Local\Programs\MiKTeX\tex/generic/pgf/basiclayer\pgfcor
eobjects.code.tex
File: pgfcoreobjects.code.tex 2025-08-29 v3.1.11a (3.1.11a)
)
(C:\Users\rbrna\AppData\Local\Programs\MiKTeX\tex/generic/pgf/basiclayer\pgfcor
epathprocessing.code.tex
File: pgfcorepathprocessing.code.tex 2025-08-29 v3.1.11a (3.1.11a)
)
(C:\Users\rbrna\AppData\Local\Programs\MiKTeX\tex/generic/pgf/basiclayer\pgfcor
earrows.code.tex
File: pgfcorearrows.code.tex 2025-08-29 v3.1.11a (3.1.11a)
\pgfarrowsep=\dimen194
)
(C:\Users\rbrna\AppData\Local\Programs\MiKTeX\tex/generic/pgf/basiclayer\pgfcor
eshade.code.tex
File: pgfcoreshade.code.tex 2025-08-29 v3.1.11a (3.1.11a)
\pgf@max=\dimen195
\pgf@sys@shading@range@num=\count297
\pgf@shadingcount=\count298
)
(C:\Users\rbrna\AppData\Local\Programs\MiKTeX\tex/generic/pgf/basiclayer\pgfcor
eimage.code.tex
File: pgfcoreimage.code.tex 2025-08-29 v3.1.11a (3.1.11a)
)
(C:\Users\rbrna\AppData\Local\Programs\MiKTeX\tex/generic/pgf/basiclayer\pgfcor
eexternal.code.tex
File: pgfcoreexternal.code.tex 2025-08-29 v3.1.11a (3.1.11a)
\pgfexternal@startupbox=\box58
)
(C:\Users\rbrna\AppData\Local\Programs\MiKTeX\tex/generic/pgf/basiclayer\pgfcor
elayers.code.tex
File: pgfcorelayers.code.tex 2025-08-29 v3.1.11a (3.1.11a)
)
(C:\Users\rbrna\AppData\Local\Programs\MiKTeX\tex/generic/pgf/basiclayer\pgfcor
etransparency.code.tex
File: pgfcoretransparency.code.tex 2025-08-29 v3.1.11a (3.1.11a)
)
(C:\Users\rbrna\AppData\Local\Programs\MiKTeX\tex/generic/pgf/basiclayer\pgfcor
epatterns.code.tex
File: pgfcorepatterns.code.tex 2025-08-29 v3.1.11a (3.1.11a)
)
(C:\Users\rbrna\AppData\Local\Programs\MiKTeX\tex/generic/pgf/basiclayer\pgfcor
erdf.code.tex
File: pgfcorerdf.code.tex 2025-08-29 v3.1.11a (3.1.11a)
)))
(C:\Users\rbrna\AppData\Local\Programs\MiKTeX\tex/generic/pgf/modules\pgfmodule
shapes.code.tex
File: pgfmoduleshapes.code.tex 2025-08-29 v3.1.11a (3.1.11a)
\pgfnodeparttextbox=\box59
)
(C:\Users\rbrna\AppData\Local\Programs\MiKTeX\tex/generic/pgf/modules\pgfmodule
plot.code.tex
File: pgfmoduleplot.code.tex 2025-08-29 v3.1.11a (3.1.11a)
)
(C:\Users\rbrna\AppData\Local\Programs\MiKTeX\tex/latex/pgf/compatibility\pgfco
mp-version-0-65.sty
Package: pgfcomp-version-0-65 2025-08-29 v3.1.11a (3.1.11a)
\pgf@nodesepstart=\dimen196
\pgf@nodesepend=\dimen197
)
(C:\Users\rbrna\AppData\Local\Programs\MiKTeX\tex/latex/pgf/compatibility\pgfco
mp-version-1-18.sty
Package: pgfcomp-version-1-18 2025-08-29 v3.1.11a (3.1.11a)
))
(C:\Users\rbrna\AppData\Local\Programs\MiKTeX\tex/latex/pgf/utilities\pgffor.st
y
(C:\Users\rbrna\AppData\Local\Programs\MiKTeX\tex/latex/pgf/utilities\pgfkeys.s
ty
(C:\Users\rbrna\AppData\Local\Programs\MiKTeX\tex/generic/pgf/utilities\pgfkeys
.code.tex))
(C:\Users\rbrna\AppData\Local\Programs\MiKTeX\tex/latex/pgf/math\pgfmath.sty
(C:\Users\rbrna\AppData\Local\Programs\MiKTeX\tex/generic/pgf/math\pgfmath.code
.tex))
(C:\Users\rbrna\AppData\Local\Programs\MiKTeX\tex/generic/pgf/utilities\pgffor.
code.tex
Package: pgffor 2025-08-29 v3.1.11a (3.1.11a)
\pgffor@iter=\dimen198
\pgffor@skip=\dimen199
\pgffor@stack=\toks31
\pgffor@toks=\toks32
))
(C:\Users\rbrna\AppData\Local\Programs\MiKTeX\tex/generic/pgf/frontendlayer/tik
z\tikz.code.tex
Package: tikz 2025-08-29 v3.1.11a (3.1.11a)

(C:\Users\rbrna\AppData\Local\Programs\MiKTeX\tex/generic/pgf/libraries\pgflibr
aryplothandlers.code.tex
File: pgflibraryplothandlers.code.tex 2025-08-29 v3.1.11a (3.1.11a)
\pgf@plot@mark@count=\count299
\pgfplotmarksize=\dimen256
)
\tikz@lastx=\dimen257
\tikz@lasty=\dimen258
\tikz@lastxsaved=\dimen259
\tikz@lastysaved=\dimen260
\tikz@lastmovetox=\dimen261
\tikz@lastmovetoy=\dimen262
\tikzleveldistance=\dimen263
\tikzsiblingdistance=\dimen264
\tikz@figbox=\box60
\tikz@figbox@bg=\box61
\tikz@tempbox=\box62
\tikz@tempbox@bg=\box63
\tikztreelevel=\count300
\tikznumberofchildren=\count301
\tikznumberofcurrentchild=\count302
\tikz@fig@count=\count303

(C:\Users\rbrna\AppData\Local\Programs\MiKTeX\tex/generic/pgf/modules\pgfmodule
matrix.code.tex
File: pgfmodulematrix.code.tex 2025-08-29 v3.1.11a (3.1.11a)
\pgfmatrixcurrentrow=\count304
\pgfmatrixcurrentcolumn=\count305
\pgf@matrix@numberofcolumns=\count306
)
\tikz@expandcount=\count307

(C:\Users\rbrna\AppData\Local\Programs\MiKTeX\tex/generic/pgf/frontendlayer/tik
z/libraries\tikzlibrarytopaths.code.tex
File: tikzlibrarytopaths.code.tex 2025-08-29 v3.1.11a (3.1.11a)
)))
(C:\Users\rbrna\AppData\Local\Programs\MiKTeX\tex/generic/pgf/frontendlayer/tik
z/libraries\tikzlibrarypositioning.code.tex
File: tikzlibrarypositioning.code.tex 2025-08-29 v3.1.11a (3.1.11a)
)
(C:\Users\rbrna\AppData\Local\Programs\MiKTeX\tex/latex/setspace\setspace.sty
Package: setspace 2022/12/04 v6.7b set line spacing
)
(C:\Users\rbrna\AppData\Local\Programs\MiKTeX\tex/latex/tools\tabularx.sty
Package: tabularx 2023/12/11 v2.12a `tabularx' package (DPC)

(C:\Users\rbrna\AppData\Local\Programs\MiKTeX\tex/latex/tools\array.sty
Package: array 2025/06/08 v2.6j Tabular extension package (FMi)
\col@sep=\dimen265
\ar@mcellbox=\box64
\extrarowheight=\dimen266
\NC@list=\toks33
\extratabsurround=\skip51
\backup@length=\skip52
\ar@cellbox=\box65
)
\TX@col@width=\dimen267
\TX@old@table=\dimen268
\TX@old@col=\dimen269
\TX@target=\dimen270
\TX@delta=\dimen271
\TX@cols=\count308
\TX@ftn=\toks34
)
(C:\Users\rbrna\AppData\Local\Programs\MiKTeX\tex/latex/tools\verbatim.sty
Package: verbatim 2024-01-22 v1.5x LaTeX2e package for verbatim enhancements
\every@verbatim=\toks35
\verbatim@line=\toks36
\verbatim@in@stream=\read3
)
(C:\Users\rbrna\AppData\Local\Programs\MiKTeX\tex/latex/float\float.sty
Package: float 2001/11/08 v1.3d Float enhancements (AL)
\c@float@type=\count309
\float@exts=\toks37
\float@box=\box66
\@float@everytoks=\toks38
\@floatcapt=\box67
)
(C:\Users\rbrna\AppData\Local\Programs\MiKTeX\tex/latex/base\fontenc.sty
Package: fontenc 2024/12/21 v2.1c Standard LaTeX package
)
(C:\Users\rbrna\AppData\Local\Programs\MiKTeX\tex/latex/amsmath\amsmath.sty
Package: amsmath 2025/06/16 v2.17y AMS math features
\@mathmargin=\skip53

For additional information on amsmath, use the `?' option.
(C:\Users\rbrna\AppData\Local\Programs\MiKTeX\tex/latex/amsmath\amstext.sty
Package: amstext 2024/11/17 v2.01 AMS text

(C:\Users\rbrna\AppData\Local\Programs\MiKTeX\tex/latex/amsmath\amsgen.sty
File: amsgen.sty 1999/11/30 v2.0 generic functions
\@emptytoks=\toks39
\ex@=\dimen272
))
(C:\Users\rbrna\AppData\Local\Programs\MiKTeX\tex/latex/amsmath\amsbsy.sty
Package: amsbsy 1999/11/29 v1.2d Bold Symbols
\pmbraise@=\dimen273
)
(C:\Users\rbrna\AppData\Local\Programs\MiKTeX\tex/latex/amsmath\amsopn.sty
Package: amsopn 2022/04/08 v2.04 operator names
)
\inf@bad=\count310
LaTeX Info: Redefining \frac on input line 233.
\uproot@=\count311
\leftroot@=\count312
LaTeX Info: Redefining \overline on input line 398.
LaTeX Info: Redefining \colon on input line 409.
\classnum@=\count313
\DOTSCASE@=\count314
LaTeX Info: Redefining \ldots on input line 495.
LaTeX Info: Redefining \dots on input line 498.
LaTeX Info: Redefining \cdots on input line 619.
\Mathstrutbox@=\box68
\strutbox@=\box69
LaTeX Info: Redefining \big on input line 721.
LaTeX Info: Redefining \Big on input line 722.
LaTeX Info: Redefining \bigg on input line 723.
LaTeX Info: Redefining \Bigg on input line 724.
\big@size=\dimen274
LaTeX Font Info:    Redeclaring font encoding OML on input line 742.
LaTeX Font Info:    Redeclaring font encoding OMS on input line 743.
\macc@depth=\count315
LaTeX Info: Redefining \bmod on input line 904.
LaTeX Info: Redefining \pmod on input line 909.
LaTeX Info: Redefining \smash on input line 939.
LaTeX Info: Redefining \relbar on input line 969.
LaTeX Info: Redefining \Relbar on input line 970.
\c@MaxMatrixCols=\count316
\dotsspace@=\muskip17
\c@parentequation=\count317
\dspbrk@lvl=\count318
\tag@help=\toks40
\row@=\count319
\column@=\count320
\maxfields@=\count321
\andhelp@=\toks41
\eqnshift@=\dimen275
\alignsep@=\dimen276
\tagshift@=\dimen277
\tagwidth@=\dimen278
\totwidth@=\dimen279
\lineht@=\dimen280
\@envbody=\toks42
\multlinegap=\skip54
\multlinetaggap=\skip55
\mathdisplay@stack=\toks43
LaTeX Info: Redefining \[ on input line 2949.
LaTeX Info: Redefining \] on input line 2950.
)
(C:\Users\rbrna\AppData\Local\Programs\MiKTeX\tex/latex/lipsum\lipsum.sty
(C:\Users\rbrna\AppData\Local\Programs\MiKTeX\tex/latex/l3packages/l3keys2e\l3k
eys2e.sty
(C:\Users\rbrna\AppData\Local\Programs\MiKTeX\tex/latex/l3kernel\expl3.sty
Package: expl3 2025-09-02 L3 programming layer (loader) 

(C:\Users\rbrna\AppData\Local\Programs\MiKTeX\tex/latex/l3backend\l3backend-pdf
tex.def
File: l3backend-pdftex.def 2025-06-09 L3 backend support: PDF output (pdfTeX)
\l__color_backend_stack_int=\count322
))
Package: l3keys2e 2024-08-16 LaTeX2e option processing using LaTeX3 keys
)
Package: lipsum 2021-09-20 v2.7 150 paragraphs of Lorem Ipsum dummy text
\g__lipsum_par_int=\count323
\l__lipsum_a_int=\count324
\l__lipsum_b_int=\count325

(C:\Users\rbrna\AppData\Local\Programs\MiKTeX\tex/latex/lipsum\lipsum.ltd.tex))
(C:\Users\rbrna\AppData\Local\Programs\MiKTeX\tex/latex/hyperref\hyperref.sty
Package: hyperref 2025-07-12 v7.01o Hypertext links for LaTeX

(C:\Users\rbrna\AppData\Local\Programs\MiKTeX\tex/latex/kvsetkeys\kvsetkeys.sty
Package: kvsetkeys 2022-10-05 v1.19 Key value parser (HO)
)
(C:\Users\rbrna\AppData\Local\Programs\MiKTeX\tex/generic/kvdefinekeys\kvdefine
keys.sty
Package: kvdefinekeys 2019-12-19 v1.6 Define keys (HO)
)
(C:\Users\rbrna\AppData\Local\Programs\MiKTeX\tex/generic/pdfescape\pdfescape.s
ty
Package: pdfescape 2019/12/09 v1.15 Implements pdfTeX's escape features (HO)

(C:\Users\rbrna\AppData\Local\Programs\MiKTeX\tex/generic/ltxcmds\ltxcmds.sty
Package: ltxcmds 2023-12-04 v1.26 LaTeX kernel commands for general use (HO)
)
(C:\Users\rbrna\AppData\Local\Programs\MiKTeX\tex/generic/pdftexcmds\pdftexcmds
.sty
Package: pdftexcmds 2020-06-27 v0.33 Utility functions of pdfTeX for LuaTeX (HO
)

(C:\Users\rbrna\AppData\Local\Programs\MiKTeX\tex/generic/infwarerr\infwarerr.s
ty
Package: infwarerr 2019/12/03 v1.5 Providing info/warning/error messages (HO)
)
Package pdftexcmds Info: \pdf@primitive is available.
Package pdftexcmds Info: \pdf@ifprimitive is available.
Package pdftexcmds Info: \pdfdraftmode found.
))
(C:\Users\rbrna\AppData\Local\Programs\MiKTeX\tex/latex/hycolor\hycolor.sty
Package: hycolor 2020-01-27 v1.10 Color options for hyperref/bookmark (HO)
)
(C:\Users\rbrna\AppData\Local\Programs\MiKTeX\tex/latex/hyperref\nameref.sty
Package: nameref 2025-06-21 v2.57 Cross-referencing by name of section

(C:\Users\rbrna\AppData\Local\Programs\MiKTeX\tex/latex/refcount\refcount.sty
Package: refcount 2019/12/15 v3.6 Data extraction from label references (HO)
)
(C:\Users\rbrna\AppData\Local\Programs\MiKTeX\tex/generic/gettitlestring\gettit
lestring.sty
Package: gettitlestring 2019/12/15 v1.6 Cleanup title references (HO)

(C:\Users\rbrna\AppData\Local\Programs\MiKTeX\tex/latex/kvoptions\kvoptions.sty
Package: kvoptions 2022-06-15 v3.15 Key value format for package options (HO)
))
\c@section@level=\count326
)
(C:\Users\rbrna\AppData\Local\Programs\MiKTeX\tex/latex/etoolbox\etoolbox.sty
Package: etoolbox 2025/02/11 v2.5l e-TeX tools for LaTeX (JAW)
\etb@tempcnta=\count327
)
(C:\Users\rbrna\AppData\Local\Programs\MiKTeX\tex/generic/stringenc\stringenc.s
ty
Package: stringenc 2019/11/29 v1.12 Convert strings between diff. encodings (HO
)
)
\@linkdim=\dimen281
\Hy@linkcounter=\count328
\Hy@pagecounter=\count329
 (C:\Users\rbrna\AppData\Local\Programs\MiKTeX\tex/latex/hyperref\pd1enc.def
File: pd1enc.def 2025-07-12 v7.01o Hyperref: PDFDocEncoding definition (HO)
Now handling font encoding PD1 ...
... no UTF-8 mapping file for font encoding PD1
) (C:\Users\rbrna\AppData\Local\Programs\MiKTeX\tex/generic/intcalc\intcalc.sty
Package: intcalc 2019/12/15 v1.3 Expandable calculations with integers (HO)
)
\Hy@SavedSpaceFactor=\count330
 (C:\Users\rbrna\AppData\Local\Programs\MiKTeX\tex/latex/hyperref\puenc.def
File: puenc.def 2025-07-12 v7.01o Hyperref: PDF Unicode definition (HO)
Now handling font encoding PU ...
... no UTF-8 mapping file for font encoding PU
)
Package hyperref Info: Hyper figures OFF on input line 4195.
Package hyperref Info: Link nesting OFF on input line 4200.
Package hyperref Info: Hyper index ON on input line 4203.
Package hyperref Info: Plain pages OFF on input line 4210.
Package hyperref Info: Backreferencing OFF on input line 4215.
Package hyperref Info: Implicit mode ON; LaTeX internals redefined.
Package hyperref Info: Bookmarks ON on input line 4462.
\c@Hy@tempcnt=\count331

(C:\Users\rbrna\AppData\Local\Programs\MiKTeX\tex/latex/url\url.sty
\Urlmuskip=\muskip18
Package: url 2013/09/16  ver 3.4  Verb mode for urls, etc.
)
LaTeX Info: Redefining \url on input line 4801.
\XeTeXLinkMargin=\dimen282

(C:\Users\rbrna\AppData\Local\Programs\MiKTeX\tex/generic/bitset\bitset.sty
Package: bitset 2019/12/09 v1.3 Handle bit-vector datatype (HO)

(C:\Users\rbrna\AppData\Local\Programs\MiKTeX\tex/generic/bigintcalc\bigintcalc
.sty
Package: bigintcalc 2019/12/15 v1.5 Expandable calculations on big integers (HO
)
))
\Fld@menulength=\count332
\Field@Width=\dimen283
\Fld@charsize=\dimen284
Package hyperref Info: Hyper figures OFF on input line 6078.
Package hyperref Info: Link nesting OFF on input line 6083.
Package hyperref Info: Hyper index ON on input line 6086.
Package hyperref Info: backreferencing OFF on input line 6093.
Package hyperref Info: Link coloring OFF on input line 6098.
Package hyperref Info: Link coloring with OCG OFF on input line 6103.
Package hyperref Info: PDF/A mode OFF on input line 6108.
\Hy@abspage=\count333
\c@Item=\count334
\c@Hfootnote=\count335
)
Package hyperref Info: Driver (autodetected): hpdftex.

(C:\Users\rbrna\AppData\Local\Programs\MiKTeX\tex/latex/hyperref\hpdftex.def
File: hpdftex.def 2025-07-12 v7.01o Hyperref driver for pdfTeX
\Fld@listcount=\count336
\c@bookmark@seq@number=\count337

(C:\Users\rbrna\AppData\Local\Programs\MiKTeX\tex/latex/rerunfilecheck\rerunfil
echeck.sty
Package: rerunfilecheck 2025-06-21 v1.11 Rerun checks for auxiliary files (HO)

(C:\Users\rbrna\AppData\Local\Programs\MiKTeX\tex/generic/uniquecounter\uniquec
ounter.sty
Package: uniquecounter 2019/12/15 v1.4 Provide unlimited unique counter (HO)
)
Package uniquecounter Info: New unique counter `rerunfilecheck' on input line 2
84.
)
\Hy@SectionHShift=\skip56
)
(C:\Users\rbrna\AppData\Local\Programs\MiKTeX\tex/latex/enumitem\enumitem.sty
Package: enumitem 2025/02/06 v3.11 Customized lists
\labelindent=\skip57
\enit@outerparindent=\dimen285
\enit@toks=\toks44
\enit@inbox=\box70
\enit@count@id=\count338
\enitdp@description=\count339
)
(C:\Users\rbrna\AppData\Local\Programs\MiKTeX\tex/latex/tools\longtable.sty
Package: longtable 2024-12-18 v4.23 Multi-page Table package (DPC)
\LTleft=\skip58
\LTright=\skip59
\LTpre=\skip60
\LTpost=\skip61
\LTchunksize=\count340
\LTcapwidth=\dimen286
\LT@head=\box71
\LT@firsthead=\box72
\LT@foot=\box73
\LT@lastfoot=\box74
\LT@gbox=\box75
\LT@cols=\count341
\LT@rows=\count342
\c@LT@tables=\count343
\c@LT@chunks=\count344
\LT@p@ftn=\toks45
)
(C:\Users\rbrna\AppData\Local\Programs\MiKTeX\tex/latex/colortbl\colortbl.sty
Package: colortbl 2024/10/29 v1.0k Color table columns (DPC)
\everycr=\toks46
\minrowclearance=\skip62
\rownum=\count345
)

LaTeX Warning: Package "xcolor" has already been loaded: ignoring load-time
(LaTeX)        option "xcdraw".

(C:\Users\rbrna\AppData\Local\Programs\MiKTeX\tex/latex/booktabs\booktabs.sty
Package: booktabs 2020/01/12 v1.61803398 Publication quality tables
\heavyrulewidth=\dimen287
\lightrulewidth=\dimen288
\cmidrulewidth=\dimen289
\belowrulesep=\dimen290
\belowbottomsep=\dimen291
\aboverulesep=\dimen292
\abovetopsep=\dimen293
\cmidrulesep=\dimen294
\cmidrulekern=\dimen295
\defaultaddspace=\dimen296
\@cmidla=\count346
\@cmidlb=\count347
\@aboverulesep=\dimen297
\@belowrulesep=\dimen298
\@thisruleclass=\count348
\@lastruleclass=\count349
\@thisrulewidth=\dimen299
)
(C:\Users\rbrna\AppData\Local\Programs\MiKTeX\tex/latex/multirow\multirow.sty
Package: multirow 2024/11/12 v2.9 Span multiple rows of a table
\multirow@colwidth=\skip63
\multirow@cntb=\count350
\multirow@dima=\skip64
\bigstrutjot=\dimen300
)
(C:\Users\rbrna\AppData\Local\Programs\MiKTeX\tex/latex/titlesec\titlesec.sty
Package: titlesec 2025/01/04 v2.17 Sectioning titles
\ttl@box=\box76
\beforetitleunit=\skip65
\aftertitleunit=\skip66
\ttl@plus=\dimen301
\ttl@minus=\dimen302
\ttl@toksa=\toks47
\titlewidth=\dimen303
\titlewidthlast=\dimen304
\titlewidthfirst=\dimen305
)
(C:\Users\rbrna\AppData\Local\Programs\MiKTeX\tex/latex/adjustbox\adjustbox.sty
Package: adjustbox 2025/02/26 v1.3c Adjusting TeX boxes (trim, clip, ...)
(C:\Users\rbrna\AppData\Local\Programs\MiKTeX\tex/latex/xkeyval\xkeyval.sty
Package: xkeyval 2022/06/16 v2.9 package option processing (HA)

(C:\Users\rbrna\AppData\Local\Programs\MiKTeX\tex/generic/xkeyval\xkeyval.tex
(C:\Users\rbrna\AppData\Local\Programs\MiKTeX\tex/generic/xkeyval\xkvutils.tex
\XKV@toks=\toks48
\XKV@tempa@toks=\toks49
)
\XKV@depth=\count351
File: xkeyval.tex 2014/12/03 v2.7a key=value parser (HA)
))
(C:\Users\rbrna\AppData\Local\Programs\MiKTeX\tex/latex/adjustbox\adjcalc.sty
Package: adjcalc 2012/05/16 v1.1 Provides advanced setlength with multiple back
-ends (calc, etex, pgfmath)
)
(C:\Users\rbrna\AppData\Local\Programs\MiKTeX\tex/latex/adjustbox\trimclip.sty
Package: trimclip 2025/02/21 v1.2a Trim and clip general TeX material

(C:\Users\rbrna\AppData\Local\Programs\MiKTeX\tex/latex/collectbox\collectbox.s
ty
Package: collectbox 2022/10/17 v0.4c Collect macro arguments as boxes
\collectedbox=\box77
)
\tc@llx=\dimen306
\tc@lly=\dimen307
\tc@urx=\dimen308
\tc@ury=\dimen309
Package trimclip Info: Using driver 'tc-pdftex.def'.

(C:\Users\rbrna\AppData\Local\Programs\MiKTeX\tex/latex/adjustbox\tc-pdftex.def
File: tc-pdftex.def 2025/02/26 v2.3 Clipping driver for pdftex
))
\adjbox@Width=\dimen310
\adjbox@Height=\dimen311
\adjbox@Depth=\dimen312
\adjbox@Totalheight=\dimen313
\adjbox@pwidth=\dimen314
\adjbox@pheight=\dimen315
\adjbox@pdepth=\dimen316
\adjbox@ptotalheight=\dimen317

(C:\Users\rbrna\AppData\Local\Programs\MiKTeX\tex/latex/ifoddpage\ifoddpage.sty
Package: ifoddpage 2022/10/18 v1.2 Conditionals for odd/even page detection
\c@checkoddpage=\count352
) (C:\Users\rbrna\AppData\Local\Programs\MiKTeX\tex/latex/varwidth\varwidth.sty
Package: varwidth 2009/03/30 ver 0.92;  Variable-width minipages
\@vwid@box=\box78
\sift@deathcycles=\count353
\@vwid@loff=\dimen318
\@vwid@roff=\dimen319
)
==> First Aid for varwidth.sty applied!
) (C:\Users\rbrna\AppData\Local\Programs\MiKTeX\tex/latex/ragged2e\ragged2e.sty
Package: ragged2e 2023/06/22 v3.6 ragged2e Package
\CenteringLeftskip=\skip67
\RaggedLeftLeftskip=\skip68
\RaggedRightLeftskip=\skip69
\CenteringRightskip=\skip70
\RaggedLeftRightskip=\skip71
\RaggedRightRightskip=\skip72
\CenteringParfillskip=\skip73
\RaggedLeftParfillskip=\skip74
\RaggedRightParfillskip=\skip75
\JustifyingParfillskip=\skip76
\CenteringParindent=\skip77
\RaggedLeftParindent=\skip78
\RaggedRightParindent=\skip79
\JustifyingParindent=\skip80
) (C:\Users\rbrna\AppData\Local\Programs\MiKTeX\tex/latex/makecell\makecell.sty
Package: makecell 2009/08/03 V0.1e Managing of Tab Column Heads and Cells
\rotheadsize=\dimen320
\c@nlinenum=\count354
\TeXr@lab=\toks50
) (main.aux

LaTeX Warning: Label `tab:my-table' multiply defined.


LaTeX Warning: Label `tab:my-table' multiply defined.


LaTeX Warning: Label `tab:my-table' multiply defined.


LaTeX Warning: Label `tab:my-table' multiply defined.


LaTeX Warning: Label `tab:my-table' multiply defined.


LaTeX Warning: Label `tab:my-table' multiply defined.


LaTeX Warning: Label `tab:my-table' multiply defined.


LaTeX Warning: Label `tab:my-table' multiply defined.


LaTeX Warning: Label `tab:my-table' multiply defined.


LaTeX Warning: Label `fig:tikz_flow' multiply defined.


LaTeX Warning: Label `fig:tikz_flow' multiply defined.


LaTeX Warning: Label `fig:tikz_flow' multiply defined.


LaTeX Warning: Label `fig:tikz_flow' multiply defined.


LaTeX Warning: Label `fig:tikz_flow' multiply defined.


LaTeX Warning: Label `fig:tikz_flow' multiply defined.


LaTeX Warning: Label `fig:tikz_flow' multiply defined.


LaTeX Warning: Label `fig:tikz_flow' multiply defined.


LaTeX Warning: Label `fig:tikz_flow' multiply defined.


LaTeX Warning: Label `fig:tikz_flow' multiply defined.


LaTeX Warning: Label `fig:tikz_flow' multiply defined.


LaTeX Warning: Label `fig:tikz_flow' multiply defined.


LaTeX Warning: Label `fig:tikz_flow' multiply defined.


LaTeX Warning: Label `fig:tikz_flow' multiply defined.


LaTeX Warning: Label `fig:tikz_flow' multiply defined.


LaTeX Warning: Label `fig:tikz_flow' multiply defined.


LaTeX Warning: Label `tab:placeholder' multiply defined.


LaTeX Warning: Label `tab:placeholder' multiply defined.


LaTeX Warning: Label `tab:placeholder' multiply defined.

)
\openout1 = `main.aux'.

LaTeX Font Info:    Checking defaults for OML/cmm/m/it on input line 45.
LaTeX Font Info:    ... okay on input line 45.
LaTeX Font Info:    Checking defaults for OMS/cmsy/m/n on input line 45.
LaTeX Font Info:    ... okay on input line 45.
LaTeX Font Info:    Checking defaults for OT1/cmr/m/n on input line 45.
LaTeX Font Info:    ... okay on input line 45.
LaTeX Font Info:    Checking defaults for T1/cmr/m/n on input line 45.
LaTeX Font Info:    ... okay on input line 45.
LaTeX Font Info:    Checking defaults for TS1/cmr/m/n on input line 45.
LaTeX Font Info:    ... okay on input line 45.
LaTeX Font Info:    Checking defaults for OMX/cmex/m/n on input line 45.
LaTeX Font Info:    ... okay on input line 45.
LaTeX Font Info:    Checking defaults for U/cmr/m/n on input line 45.
LaTeX Font Info:    ... okay on input line 45.
LaTeX Font Info:    Checking defaults for PD1/pdf/m/n on input line 45.
LaTeX Font Info:    ... okay on input line 45.
LaTeX Font Info:    Checking defaults for PU/pdf/m/n on input line 45.
LaTeX Font Info:    ... okay on input line 45.

*geometry* driver: auto-detecting
*geometry* detected driver: pdftex
*geometry* verbose mode - [ preamble ] result:
* driver: pdftex
* paper: a4paper
* layout: <same size as paper>
* layoutoffset:(h,v)=(0.0pt,0.0pt)
* modes: 
* h-part:(L,W,R)=(71.13188pt, 436.7489pt, 89.62709pt)
* v-part:(T,H,B)=(71.13188pt, 702.78308pt, 71.13188pt)
* \paperwidth=597.50787pt
* \paperheight=845.04684pt
* \textwidth=436.7489pt
* \textheight=702.78308pt
* \oddsidemargin=-1.1381pt
* \evensidemargin=-1.1381pt
* \topmargin=-38.1381pt
* \headheight=12.0pt
* \headsep=25.0pt
* \topskip=12.0pt
* \footskip=30.0pt
* \marginparwidth=35.0pt
* \marginparsep=10.0pt
* \columnsep=10.0pt
* \skip\footins=10.8pt plus 4.0pt minus 2.0pt
* \hoffset=0.0pt
* \voffset=0.0pt
* \mag=1000
* \@twocolumnfalse
* \@twosidefalse
* \@mparswitchfalse
* \@reversemarginfalse
* (1in=72.27pt=25.4mm, 1cm=28.453pt)


(C:\Users\rbrna\AppData\Local\Programs\MiKTeX\tex/context/base/mkii\supp-pdf.mk
ii
[Loading MPS to PDF converter (version 2006.09.02).]
\scratchcounter=\count355
\scratchdimen=\dimen321
\scratchbox=\box79
\nofMPsegments=\count356
\nofMParguments=\count357
\everyMPshowfont=\toks51
\MPscratchCnt=\count358
\MPscratchDim=\dimen322
\MPnumerator=\count359
\makeMPintoPDFobject=\count360
\everyMPtoPDFconversion=\toks52
)
(C:\Users\rbrna\AppData\Local\Programs\MiKTeX\tex/latex/epstopdf-pkg\epstopdf-b
ase.sty
Package: epstopdf-base 2020-01-24 v2.11 Base part for package epstopdf
Package epstopdf-base Info: Redefining graphics rule for `.eps' on input line 4
85.

(C:\Users\rbrna\AppData\Local\Programs\MiKTeX\tex/latex/00miktex\epstopdf-sys.c
fg
File: epstopdf-sys.cfg 2021/03/18 v2.0 Configuration of epstopdf for MiKTeX
))
Package hyperref Info: Link coloring OFF on input line 45.
 (main.out) (main.out)
\@outlinefile=\write4
\openout4 = `main.out'.

<Immagini/logo_universita.png, id=114, 803.0pt x 799.98875pt>
File: Immagini/logo_universita.png Graphic file (type png)
<use Immagini/logo_universita.png>
Package pdftex.def Info: Immagini/logo_universita.png  used on input line 50.
(pdftex.def)             Requested size: 131.026pt x 130.52762pt.


[1

{C:/Users/rbrna/AppData/Local/MiKTeX/fonts/map/pdftex/pdftex.map} <./Immagini/l
ogo_universita.png>]


pdfTeX warning (ext4): destination with the same identifier (name{page.1}) has 
been already used, duplicate ignored
<to be read again> 
                   \relax 
l.87 \tableofcontents
                      % Crea indice [1] (main.toc)
\tf@toc=\write5
\openout5 = `main.toc'.



[2

]
Chapter 1.
(Servizio/Revisioni.tex
Overfull \hbox (99.98746pt too wide) in alignment at lines 6--12
 [] [] [] [] 
 []


Overfull \hbox (99.98746pt too wide) in alignment at lines 12--35
 [] [] [] [] 
 []

)

[3

]
Chapter 2.
(Requisiti Del Software/Analisi dei Requisiti/Analisi dei Requisiti.tex

[4

]

[5] (Requisiti Del Software/Analisi dei Requisiti/Glossario.tex

[6]
Underfull \hbox (badness 10000) in paragraph at lines 4--8

 []



[7]) (Requisiti Del Software/Analisi dei Requisiti/Use Case.tex
Underfull \hbox (badness 10000) in paragraph at lines 3--8

 []



[8]
<Immagini/Diagrammi Casi D'uso/UseCase-Utente Non Registrato.drawio.png, id=192
, 477.785pt x 382.42876pt>
File: Immagini/Diagrammi Casi D'uso/UseCase-Utente Non Registrato.drawio.png Gr
aphic file (type png)
<use Immagini/Diagrammi Casi D'uso/UseCase-Utente Non Registrato.drawio.png>
Package pdftex.def Info: Immagini/Diagrammi Casi D'uso/UseCase-Utente Non Regis
trato.drawio.png  used on input line 26.
(pdftex.def)             Requested size: 349.40045pt x 279.66667pt.
<Immagini/Diagrammi Casi D'uso/UseCase-Utente registrato.drawio.png, id=193, 56
7.11874pt x 723.70375pt>
File: Immagini/Diagrammi Casi D'uso/UseCase-Utente registrato.drawio.png Graphi
c file (type png)
<use Immagini/Diagrammi Casi D'uso/UseCase-Utente registrato.drawio.png>
Package pdftex.def Info: Immagini/Diagrammi Casi D'uso/UseCase-Utente registrat
o.drawio.png  used on input line 32.
(pdftex.def)             Requested size: 349.40045pt x 445.88681pt.


[9 <./Immagini/Diagrammi Casi D'uso/UseCase-Utente Non Registrato.drawio.png>]
<Immagini/Diagrammi Casi D'uso/UseCase-Agente.drawio.png, id=200, 566.115pt x 6
88.5725pt>
File: Immagini/Diagrammi Casi D'uso/UseCase-Agente.drawio.png Graphic file (typ
e png)
<use Immagini/Diagrammi Casi D'uso/UseCase-Agente.drawio.png>
Package pdftex.def Info: Immagini/Diagrammi Casi D'uso/UseCase-Agente.drawio.pn
g  used on input line 38.
(pdftex.def)             Requested size: 349.40045pt x 424.9878pt.


[10 <./Immagini/Diagrammi Casi D'uso/UseCase-Utente registrato.drawio.png>]
<Immagini/Diagrammi Casi D'uso/UseCase-Admin.drawio.png, id=207, 500.87125pt x 
442.65375pt>
File: Immagini/Diagrammi Casi D'uso/UseCase-Admin.drawio.png Graphic file (type
 png)
<use Immagini/Diagrammi Casi D'uso/UseCase-Admin.drawio.png>
Package pdftex.def Info: Immagini/Diagrammi Casi D'uso/UseCase-Admin.drawio.png
  used on input line 44.
(pdftex.def)             Requested size: 349.40045pt x 308.80182pt.


[11 <./Immagini/Diagrammi Casi D'uso/UseCase-Agente.drawio.png>]

[12 <./Immagini/Diagrammi Casi D'uso/UseCase-Admin.drawio.png>])
(Requisiti Del Software/Analisi dei Requisiti/Analisi degli utenti.tex
Underfull \hbox (badness 10000) in paragraph at lines 3--7

 []


Underfull \hbox (badness 10000) in paragraph at lines 8--12

 []

<Immagini/Personas/Personas-Propretario di un agenzia immobiliare.png, id=221, 
1445.4pt x 813.0375pt>
File: Immagini/Personas/Personas-Propretario di un agenzia immobiliare.png Grap
hic file (type png)
<use Immagini/Personas/Personas-Propretario di un agenzia immobiliare.png>
Package pdftex.def Info: Immagini/Personas/Personas-Propretario di un agenzia i
mmobiliare.png  used on input line 16.
(pdftex.def)             Requested size: 436.7489pt x 245.67477pt.
<Immagini/Personas/Personas-Agente Immobiliare.png, id=222, 1445.4pt x 828.0937
5pt>
File: Immagini/Personas/Personas-Agente Immobiliare.png Graphic file (type png)

<use Immagini/Personas/Personas-Agente Immobiliare.png>
Package pdftex.def Info: Immagini/Personas/Personas-Agente Immobiliare.png  use
d on input line 22.
(pdftex.def)             Requested size: 436.7489pt x 250.2243pt.


[13 <./Immagini/Personas/Personas-Propretario di un agenzia immobiliare.png>]
<Immagini/Personas/Personas-manager di azienda tecnologica.png, id=229, 1445.4p
t x 813.0375pt>
File: Immagini/Personas/Personas-manager di azienda tecnologica.png Graphic fil
e (type png)
<use Immagini/Personas/Personas-manager di azienda tecnologica.png>
Package pdftex.def Info: Immagini/Personas/Personas-manager di azienda tecnolog
ica.png  used on input line 28.
(pdftex.def)             Requested size: 436.7489pt x 245.67477pt.
<Immagini/Personas/Personas-Padre di famiglia.png, id=230, 1445.4pt x 813.0375p
t>
File: Immagini/Personas/Personas-Padre di famiglia.png Graphic file (type png)
<use Immagini/Personas/Personas-Padre di famiglia.png>
Package pdftex.def Info: Immagini/Personas/Personas-Padre di famiglia.png  used
 on input line 34.
(pdftex.def)             Requested size: 436.7489pt x 245.67477pt.


[14 <./Immagini/Personas/Personas-Agente Immobiliare.png> <./Immagini/Personas/
Personas-manager di azienda tecnologica.png>]

[15 <./Immagini/Personas/Personas-Padre di famiglia.png>]
Overfull \hbox (8.61868pt too wide) in paragraph at lines 40--41
[]\T1/cmr/m/n/12 L'Agente- Aldo Im-parato: questa cat-e-go-ria di utenti Ë part
e dello staff dell'Agenzia
 []



[16])
(Requisiti Del Software/Analisi dei Requisiti/Descrizione dei requisiti/descriz
ione dei requisiti.tex
(Requisiti Del Software/Analisi dei Requisiti/Descrizione dei requisiti/Requisi
ti non funzionali/sicurezza.tex)
(Requisiti Del Software/Analisi dei Requisiti/Descrizione dei requisiti/Requisi
ti non funzionali/interfaccia utente.tex)
(Requisiti Del Software/Analisi dei Requisiti/Descrizione dei requisiti/Requisi
ti non funzionali/prestazioni.tex)
(Requisiti Del Software/Analisi dei Requisiti/Descrizione dei requisiti/Requisi
ti non funzionali/Manutenibilit√† e scalabilit√†.tex
Underfull \hbox (badness 3333) in paragraph at lines 10--12
[]|\T1/cmr/m/n/12 Il sis-tema deve es-sere pro-get-tato per sup-port-are
 []

)

[17

]

[18]
(Requisiti Del Software/Analisi dei Requisiti/Descrizione dei requisiti/Requisi
ti di dominio/Gestione dell'agenzia immobiliare.tex
Underfull \hbox (badness 10000) in paragraph at lines 20--21
[]|\T1/cmr/m/n/12 Le cre-den-ziali di un am-min-is-tra-tore in-cludono
 []


Underfull \hbox (badness 10000) in paragraph at lines 20--21
\T1/cmr/m/n/12 uno user-name, costru-ito seguendo il for-mato
 []


Underfull \hbox (badness 10000) in paragraph at lines 20--21
\T1/cmr/m/n/12 [nome][cognome]@DIETI25.com, e una pass-word
 []

)
(Requisiti Del Software/Analisi dei Requisiti/Descrizione dei requisiti/Requisi
ti di dominio/Gestione utente.tex)
(Requisiti Del Software/Analisi dei Requisiti/Descrizione dei requisiti/Requisi
ti di dominio/gestione immobili.tex)
(Requisiti Del Software/Analisi dei Requisiti/Descrizione dei requisiti/Requisi
ti di dominio/Ricerca e visualizzazione.tex

[19])
(Requisiti Del Software/Analisi dei Requisiti/Descrizione dei requisiti/Requisi
ti di dominio/Gestione delle offerte.tex)
(Requisiti Del Software/Analisi dei Requisiti/Descrizione dei requisiti/Requisi
ti di dominio/Gestione notifiche.tex)

[20])
(Requisiti Del Software/Analisi dei Requisiti/cockburn/Capitolo Cockburn.tex
(Requisiti Del Software/Analisi dei Requisiti/cockburn/cockburnAnnunci.tex
Overfull \hbox (51.76051pt too wide) in alignment at lines 10--16
 [] [] [] [] 
 []


Overfull \hbox (51.76051pt too wide) in alignment at lines 16--56
 [] [] [] [] 
 []

[21] [22] [23])

[24] (Requisiti Del Software/Analisi dei Requisiti/cockburn/cockNotifiche.tex
Overfull \hbox (35.65198pt too wide) in alignment at lines 10--16
 [] [] [] [] 
 []


Overfull \hbox (35.65198pt too wide) in alignment at lines 16--64
 [] [] [] [] 
 []

[25] [26] [27] [28])

[29]
(Requisiti Del Software/Analisi dei Requisiti/cockburn/cockControproposte.tex
Overfull \hbox (14.74437pt too wide) in paragraph at lines 4--24
[][] 
 []



[30]
Overfull \hbox (72.92325pt too wide) in paragraph at lines 29--47
[][] 
 []

)

[31]
(Requisiti Del Software/Analisi dei Requisiti/cockburn/cockAggiungiDipendente.t
ex
Overfull \hbox (63.00021pt too wide) in paragraph at lines 4--22
[][] 
 []



[32]
Overfull \vbox (17.99445pt too high) detected at line 39
 []


Overfull \hbox (56.1511pt too wide) in paragraph at lines 27--46
[][] 
 []

))
(Requisiti Del Software/Analisi dei Requisiti/Mockup/Introduzione Mock up.tex

[33]
(Requisiti Del Software/Analisi dei Requisiti/Mockup/aggiungi annuncio/Introduz
ione MockUp Aggiungi Annuncio.tex

[34]

[35]
(Requisiti Del Software/Analisi dei Requisiti/Mockup/aggiungi annuncio/scenario
 principale.tex
<Immagini/Mockup/aggiungi annuncio/scenario principale/step1.png, id=344, 847.3
6575pt x 398.6895pt>
File: Immagini/Mockup/aggiungi annuncio/scenario principale/step1.png Graphic f
ile (type png)
<use Immagini/Mockup/aggiungi annuncio/scenario principale/step1.png>
Package pdftex.def Info: Immagini/Mockup/aggiungi annuncio/scenario principale/
step1.png  used on input line 7.
(pdftex.def)             Requested size: 305.72289pt x 143.84445pt.
<Immagini/Mockup/aggiungi annuncio/scenario principale/step2.png, id=345, 831.1
05pt x 365.56575pt>
File: Immagini/Mockup/aggiungi annuncio/scenario principale/step2.png Graphic f
ile (type png)
<use Immagini/Mockup/aggiungi annuncio/scenario principale/step2.png>
Package pdftex.def Info: Immagini/Mockup/aggiungi annuncio/scenario principale/
step2.png  used on input line 15.
(pdftex.def)             Requested size: 305.72289pt x 134.47069pt.
<Immagini/Mockup/aggiungi annuncio/scenario principale/step3.png, id=346, 835.9
23pt x 454.69875pt>
File: Immagini/Mockup/aggiungi annuncio/scenario principale/step3.png Graphic f
ile (type png)
<use Immagini/Mockup/aggiungi annuncio/scenario principale/step3.png>
Package pdftex.def Info: Immagini/Mockup/aggiungi annuncio/scenario principale/
step3.png  used on input line 23.
(pdftex.def)             Requested size: 305.72289pt x 166.30016pt.
)
(Requisiti Del Software/Analisi dei Requisiti/Mockup/aggiungi annuncio/scenario
 principale Parte II.tex
<Immagini/Mockup/aggiungi annuncio/scenario principale/step4.png, id=347, 841.3
4325pt x 383.63326pt>
File: Immagini/Mockup/aggiungi annuncio/scenario principale/step4.png Graphic f
ile (type png)
<use Immagini/Mockup/aggiungi annuncio/scenario principale/step4.png>
Package pdftex.def Info: Immagini/Mockup/aggiungi annuncio/scenario principale/
step4.png  used on input line 7.
(pdftex.def)             Requested size: 436.7489pt x 199.15091pt.
<Immagini/Mockup/aggiungi annuncio/scenario principale/step5.png, id=348, 835.3
2076pt x 498.06075pt>
File: Immagini/Mockup/aggiungi annuncio/scenario principale/step5.png Graphic f
ile (type png)
<use Immagini/Mockup/aggiungi annuncio/scenario principale/step5.png>
Package pdftex.def Info: Immagini/Mockup/aggiungi annuncio/scenario principale/
step5.png  used on input line 15.
(pdftex.def)             Requested size: 436.7489pt x 260.40663pt.

Overfull \hbox (19.83057pt too wide) in paragraph at lines 23--24
 [][] 
 []


(Requisiti Del Software/Analisi dei Requisiti/Mockup/aggiungi annuncio/scenario
 principale Parte III.tex
<Immagini/Mockup/aggiungi annuncio/scenario principale/step6.png, id=349, 1347.
0325pt x 2300.595pt>
File: Immagini/Mockup/aggiungi annuncio/scenario principale/step6.png Graphic f
ile (type png)
<use Immagini/Mockup/aggiungi annuncio/scenario principale/step6.png>
Package pdftex.def Info: Immagini/Mockup/aggiungi annuncio/scenario principale/
step6.png  used on input line 8.
(pdftex.def)             Requested size: 329.19342pt x 562.229pt.
))
(Requisiti Del Software/Analisi dei Requisiti/Mockup/aggiungi annuncio/estensio
ne A.tex

[36 <./Immagini/Mockup/aggiungi annuncio/scenario principale/step1.png> <./Imma
gini/Mockup/aggiungi annuncio/scenario principale/step2.png> <./Immagini/Mockup
/aggiungi annuncio/scenario principale/step3.png>]

[37 <./Immagini/Mockup/aggiungi annuncio/scenario principale/step4.png> <./Imma
gini/Mockup/aggiungi annuncio/scenario principale/step5.png>]

[38 <./Immagini/Mockup/aggiungi annuncio/scenario principale/step6.png>]
Overfull \hbox (4.81268pt too wide) in paragraph at lines 14--15
\T1/cmr/m/n/12 per evitare er-rori in-volon-tari che potreb-bero com-pro-met-te
re l'inserimento dell'annuncio. 
 []

<Immagini/Mockup/aggiungi annuncio/estensione A/step1.png, id=373, 840.13875pt 
x 414.348pt>
File: Immagini/Mockup/aggiungi annuncio/estensione A/step1.png Graphic file (ty
pe png)
<use Immagini/Mockup/aggiungi annuncio/estensione A/step1.png>
Package pdftex.def Info: Immagini/Mockup/aggiungi annuncio/estensione A/step1.p
ng  used on input line 32.
(pdftex.def)             Requested size: 305.72289pt x 150.77737pt.
<Immagini/Mockup/aggiungi annuncio/estensione A/step2.png, id=374, 840.13875pt 
x 414.348pt>
File: Immagini/Mockup/aggiungi annuncio/estensione A/step2.png Graphic file (ty
pe png)
<use Immagini/Mockup/aggiungi annuncio/estensione A/step2.png>
Package pdftex.def Info: Immagini/Mockup/aggiungi annuncio/estensione A/step2.p
ng  used on input line 40.
(pdftex.def)             Requested size: 305.72289pt x 150.77737pt.
<Immagini/Mockup/aggiungi annuncio/estensione A/step3.png, id=375, 840.13875pt 
x 414.348pt>
File: Immagini/Mockup/aggiungi annuncio/estensione A/step3.png Graphic file (ty
pe png)
<use Immagini/Mockup/aggiungi annuncio/estensione A/step3.png>
Package pdftex.def Info: Immagini/Mockup/aggiungi annuncio/estensione A/step3.p
ng  used on input line 48.
(pdftex.def)             Requested size: 305.72289pt x 150.77737pt.


[39

])
(Requisiti Del Software/Analisi dei Requisiti/Mockup/aggiungi annuncio/estensio
ne B.tex

[40 <./Immagini/Mockup/aggiungi annuncio/estensione A/step1.png> <./Immagini/Mo
ckup/aggiungi annuncio/estensione A/step2.png> <./Immagini/Mockup/aggiungi annu
ncio/estensione A/step3.png>]
Overfull \hbox (6.43018pt too wide) in paragraph at lines 6--8
[]\T1/cmr/m/n/12 Questa soluzione Ë basata sul prin-ci-pio della \T1/cmr/bx/n/1
2 co-erenza con le as-pet-ta-tive dell'utente
 []


Overfull \hbox (40.35242pt too wide) in paragraph at lines 8--9
[]\T1/cmr/m/n/12 Rafforza la percezione di un pro-cesso in corso, miglio-rando 
la trasparenza dell'operazione. 
 []

<Immagini/Mockup/aggiungi annuncio/estensione B/step1.png, id=389, 840.13875pt 
x 414.348pt>
File: Immagini/Mockup/aggiungi annuncio/estensione B/step1.png Graphic file (ty
pe png)
<use Immagini/Mockup/aggiungi annuncio/estensione B/step1.png>
Package pdftex.def Info: Immagini/Mockup/aggiungi annuncio/estensione B/step1.p
ng  used on input line 22.
(pdftex.def)             Requested size: 305.72289pt x 150.77737pt.
<Immagini/Mockup/aggiungi annuncio/estensione B/step2.png, id=390, 823.878pt x 
314.3745pt>
File: Immagini/Mockup/aggiungi annuncio/estensione B/step2.png Graphic file (ty
pe png)
<use Immagini/Mockup/aggiungi annuncio/estensione B/step2.png>
Package pdftex.def Info: Immagini/Mockup/aggiungi annuncio/estensione B/step2.p
ng  used on input line 30.
(pdftex.def)             Requested size: 305.72289pt x 116.65732pt.
<Immagini/Mockup/aggiungi annuncio/estensione B/step3.png, id=391, 823.878pt x 
356.532pt>
File: Immagini/Mockup/aggiungi annuncio/estensione B/step3.png Graphic file (ty
pe png)
<use Immagini/Mockup/aggiungi annuncio/estensione B/step3.png>
Package pdftex.def Info: Immagini/Mockup/aggiungi annuncio/estensione B/step3.p
ng  used on input line 38.
(pdftex.def)             Requested size: 305.72289pt x 132.30103pt.


[41

])
(Requisiti Del Software/Analisi dei Requisiti/Mockup/aggiungi annuncio/estensio
ne C.tex

[42 <./Immagini/Mockup/aggiungi annuncio/estensione B/step1.png> <./Immagini/Mo
ckup/aggiungi annuncio/estensione B/step2.png> <./Immagini/Mockup/aggiungi annu
ncio/estensione B/step3.png>]
<Immagini/Mockup/aggiungi annuncio/estensione C/step1.png, id=408, 740.7675pt x
 451.6875pt>
File: Immagini/Mockup/aggiungi annuncio/estensione C/step1.png Graphic file (ty
pe png)
<use Immagini/Mockup/aggiungi annuncio/estensione C/step1.png>
Package pdftex.def Info: Immagini/Mockup/aggiungi annuncio/estensione C/step1.p
ng  used on input line 32.
(pdftex.def)             Requested size: 305.72289pt x 186.41988pt.
<Immagini/Mockup/aggiungi annuncio/estensione C/step2.png, id=409, 605.26125pt 
x 490.83376pt>
File: Immagini/Mockup/aggiungi annuncio/estensione C/step2.png Graphic file (ty
pe png)
<use Immagini/Mockup/aggiungi annuncio/estensione C/step2.png>
Package pdftex.def Info: Immagini/Mockup/aggiungi annuncio/estensione C/step2.p
ng  used on input line 40.
(pdftex.def)             Requested size: 436.7489pt x 354.17894pt.

Overfull \hbox (19.83057pt too wide) in paragraph at lines 49--50
 [][] 
 []



[43

])
(Requisiti Del Software/Analisi dei Requisiti/Mockup/aggiungi annuncio/estensio
ne D.tex

[44 <./Immagini/Mockup/aggiungi annuncio/estensione C/step1.png> <./Immagini/Mo
ckup/aggiungi annuncio/estensione C/step2.png>]
Underfull \hbox (badness 10000) in paragraph at lines 26--28

 []



[45

]
<Immagini/Mockup/aggiungi annuncio/estensione D/step1.png, id=427, 740.7675pt x
 451.6875pt>
File: Immagini/Mockup/aggiungi annuncio/estensione D/step1.png Graphic file (ty
pe png)
<use Immagini/Mockup/aggiungi annuncio/estensione D/step1.png>
Package pdftex.def Info: Immagini/Mockup/aggiungi annuncio/estensione D/step1.p
ng  used on input line 38.
(pdftex.def)             Requested size: 305.72289pt x 186.41988pt.
<Immagini/Mockup/aggiungi annuncio/estensione D/step3.png, id=428, 573.94424pt 
x 352.31625pt>
File: Immagini/Mockup/aggiungi annuncio/estensione D/step3.png Graphic file (ty
pe png)
<use Immagini/Mockup/aggiungi annuncio/estensione D/step3.png>
Package pdftex.def Info: Immagini/Mockup/aggiungi annuncio/estensione D/step3.p
ng  used on input line 46.
(pdftex.def)             Requested size: 305.72289pt x 187.6675pt.


[46 <./Immagini/Mockup/aggiungi annuncio/estensione D/step1.png> <./Immagini/Mo
ckup/aggiungi annuncio/estensione D/step3.png>]))
(Requisiti Del Software/Analisi dei Requisiti/Mockup/disattivazione notifiche/d
escrizione mockup notifiche.tex

[47

]

[48]
(Requisiti Del Software/Analisi dei Requisiti/Mockup/disattivazione notifiche/S
cenario principale.tex
<Immagini/Mockup/notifiche/scenario principale/Pagina Lista Notifiche.png, id=4
49, 799.18575pt x 423.38174pt>
File: Immagini/Mockup/notifiche/scenario principale/Pagina Lista Notifiche.png 
Graphic file (type png)
<use Immagini/Mockup/notifiche/scenario principale/Pagina Lista Notifiche.png>
Package pdftex.def Info: Immagini/Mockup/notifiche/scenario principale/Pagina L
ista Notifiche.png  used on input line 7.
(pdftex.def)             Requested size: 305.72289pt x 161.96559pt.
<Immagini/Mockup/notifiche/scenario principale/perDisattivareRisposte.png, id=4
50, 762.4485pt x 352.9185pt>
File: Immagini/Mockup/notifiche/scenario principale/perDisattivareRisposte.png 
Graphic file (type png)
<use Immagini/Mockup/notifiche/scenario principale/perDisattivareRisposte.png>
Package pdftex.def Info: Immagini/Mockup/notifiche/scenario principale/perDisat
tivareRisposte.png  used on input line 15.
(pdftex.def)             Requested size: 305.72289pt x 141.50954pt.
<Immagini/Mockup/notifiche/scenario principale/perDisattivareNueve.png, id=451,
 790.75426pt x 401.0985pt>
File: Immagini/Mockup/notifiche/scenario principale/perDisattivareNueve.png Gra
phic file (type png)
<use Immagini/Mockup/notifiche/scenario principale/perDisattivareNueve.png>
Package pdftex.def Info: Immagini/Mockup/notifiche/scenario principale/perDisat
tivareNueve.png  used on input line 23.
(pdftex.def)             Requested size: 305.72289pt x 155.06908pt.


[49]

[50 <./Immagini/Mockup/notifiche/scenario principale/Pagina Lista Notifiche.png
> <./Immagini/Mockup/notifiche/scenario principale/perDisattivareRisposte.png> 
<./Immagini/Mockup/notifiche/scenario principale/perDisattivareNueve.png>]
(Requisiti Del Software/Analisi dei Requisiti/Mockup/disattivazione notifiche/S
cenario principale 2.tex
<Immagini/Mockup/notifiche/scenario principale/clickConferma.png, id=464, 784.7
3175pt x 396.2805pt>
File: Immagini/Mockup/notifiche/scenario principale/clickConferma.png Graphic f
ile (type png)
<use Immagini/Mockup/notifiche/scenario principale/clickConferma.png>
Package pdftex.def Info: Immagini/Mockup/notifiche/scenario principale/clickCon
ferma.png  used on input line 8.
(pdftex.def)             Requested size: 305.72289pt x 154.3855pt.
<Immagini/Mockup/notifiche/scenario principale/allerAvvisoDisattivazione.png, i
d=465, 799.18575pt x 410.13225pt>
File: Immagini/Mockup/notifiche/scenario principale/allerAvvisoDisattivazione.p
ng Graphic file (type png)
<use Immagini/Mockup/notifiche/scenario principale/allerAvvisoDisattivazione.pn
g>
Package pdftex.def Info: Immagini/Mockup/notifiche/scenario principale/allerAvv
isoDisattivazione.png  used on input line 15.
(pdftex.def)             Requested size: 305.72289pt x 156.89697pt.
<Immagini/Mockup/notifiche/scenario principale/ScenarioPrincipaleCompletato.png
, id=466, 772.0845pt x 380.622pt>
File: Immagini/Mockup/notifiche/scenario principale/ScenarioPrincipaleCompletat
o.png Graphic file (type png)
<use Immagini/Mockup/notifiche/scenario principale/ScenarioPrincipaleCompletato
.png>
Package pdftex.def Info: Immagini/Mockup/notifiche/scenario principale/Scenario
PrincipaleCompletato.png  used on input line 22.
(pdftex.def)             Requested size: 305.72289pt x 150.71863pt.
))
(Requisiti Del Software/Analisi dei Requisiti/Mockup/disattivazione notifiche/e
stensione A.tex

[51 <./Immagini/Mockup/notifiche/scenario principale/clickConferma.png> <./Imma
gini/Mockup/notifiche/scenario principale/allerAvvisoDisattivazione.png> <./Imm
agini/Mockup/notifiche/scenario principale/ScenarioPrincipaleCompletato.png>]
<Immagini/Mockup/notifiche/estensione A/clickNotifica.png, id=478, 525.162pt x 
343.2825pt>
File: Immagini/Mockup/notifiche/estensione A/clickNotifica.png Graphic file (ty
pe png)
<use Immagini/Mockup/notifiche/estensione A/clickNotifica.png>
Package pdftex.def Info: Immagini/Mockup/notifiche/estensione A/clickNotifica.p
ng  used on input line 27.
(pdftex.def)             Requested size: 174.69688pt x 114.19499pt.
<Immagini/Mockup/notifiche/estensione A/clickDisattiva.png, id=479, 599.23875pt
 x 520.94624pt>
File: Immagini/Mockup/notifiche/estensione A/clickDisattiva.png Graphic file (t
ype png)
<use Immagini/Mockup/notifiche/estensione A/clickDisattiva.png>
Package pdftex.def Info: Immagini/Mockup/notifiche/estensione A/clickDisattiva.
png  used on input line 35.
(pdftex.def)             Requested size: 174.69688pt x 151.86543pt.
<Immagini/Mockup/notifiche/estensione A/disattivato.png, id=480, 630.55576pt x 
534.19576pt>
File: Immagini/Mockup/notifiche/estensione A/disattivato.png Graphic file (type
 png)
<use Immagini/Mockup/notifiche/estensione A/disattivato.png>
Package pdftex.def Info: Immagini/Mockup/notifiche/estensione A/disattivato.png
  used on input line 43.
(pdftex.def)             Requested size: 174.69688pt x 148.00061pt.


[52


])
(Requisiti Del Software/Analisi dei Requisiti/Mockup/disattivazione notifiche/e
stensione B.tex

[53 <./Immagini/Mockup/notifiche/estensione A/clickNotifica.png> <./Immagini/Mo
ckup/notifiche/estensione A/clickDisattiva.png> <./Immagini/Mockup/notifiche/es
tensione A/disattivato.png>])
(Requisiti Del Software/Analisi dei Requisiti/Mockup/disattivazione notifiche/e
stensione c.tex

[54

]
<Immagini/Mockup/notifiche/ESTENSIONE C/clickDisattiva.png, id=503, 283.65974pt
 x 370.38374pt>
File: Immagini/Mockup/notifiche/ESTENSIONE C/clickDisattiva.png Graphic file (t
ype png)
<use Immagini/Mockup/notifiche/ESTENSIONE C/clickDisattiva.png>
Package pdftex.def Info: Immagini/Mockup/notifiche/ESTENSIONE C/clickDisattiva.
png  used on input line 41.
(pdftex.def)             Requested size: 174.69688pt x 228.1096pt.
<Immagini/Mockup/notifiche/ESTENSIONE C/clickCoonferma.png, id=504, 593.21625pt
 x 355.3275pt>
File: Immagini/Mockup/notifiche/ESTENSIONE C/clickCoonferma.png Graphic file (t
ype png)
<use Immagini/Mockup/notifiche/ESTENSIONE C/clickCoonferma.png>
Package pdftex.def Info: Immagini/Mockup/notifiche/ESTENSIONE C/clickCoonferma.
png  used on input line 49.
(pdftex.def)             Requested size: 262.052pt x 156.96808pt.
<Immagini/Mockup/notifiche/ESTENSIONE C/disattivato.png, id=505, 256.5585pt x 3
39.06676pt>
File: Immagini/Mockup/notifiche/ESTENSIONE C/disattivato.png Graphic file (type
 png)
<use Immagini/Mockup/notifiche/ESTENSIONE C/disattivato.png>
Package pdftex.def Info: Immagini/Mockup/notifiche/ESTENSIONE C/disattivato.png
  used on input line 57.
(pdftex.def)             Requested size: 131.026pt x 173.17009pt.


LaTeX Warning: Float too large for page by 63.66394pt on input line 69.



[55

])
(Requisiti Del Software/Analisi dei Requisiti/Mockup/disattivazione notifiche/e
stensione D.tex

[56 <./Immagini/Mockup/notifiche/ESTENSIONE C/clickDisattiva.png> <./Immagini/M
ockup/notifiche/ESTENSIONE C/clickCoonferma.png> <./Immagini/Mockup/notifiche/E
STENSIONE C/disattivato.png>]
Overfull \hbox (21.17155pt too wide) in paragraph at lines 30--31
[]\T1/cmr/m/n/12 La cat-e-go-ria viene spostata nella sezione delle no-ti-fiche
 at-tive con un'animazione
 []



[57

]
<Immagini/Mockup/notifiche/estensione D/clickAttiva.png, id=526, 498.06075pt x 
436.63126pt>
File: Immagini/Mockup/notifiche/estensione D/clickAttiva.png Graphic file (type
 png)
<use Immagini/Mockup/notifiche/estensione D/clickAttiva.png>
Package pdftex.def Info: Immagini/Mockup/notifiche/estensione D/clickAttiva.png
  used on input line 52.
(pdftex.def)             Requested size: 262.052pt x 229.74118pt.
<Immagini/Mockup/notifiche/estensione D/attivato.png, id=527, 498.06075pt x 431
.81325pt>
File: Immagini/Mockup/notifiche/estensione D/attivato.png Graphic file (type pn
g)
<use Immagini/Mockup/notifiche/estensione D/attivato.png>
Package pdftex.def Info: Immagini/Mockup/notifiche/estensione D/attivato.png  u
sed on input line 60.
(pdftex.def)             Requested size: 262.052pt x 227.2061pt.


[58])
(Requisiti Del Software/Analisi dei Requisiti/Mockup/disattivazione notifiche/e
stensione E.tex

[59 <./Immagini/Mockup/notifiche/estensione D/clickAttiva.png> <./Immagini/Mock
up/notifiche/estensione D/attivato.png>]
Overfull \hbox (23.61342pt too wide) in paragraph at lines 9--9
[]\T1/cmr/bx/n/12 Messaggio chiaro e in-for-ma-tivo\T1/cmr/m/n/12 : il mes-sag-
gio co-mu-nica all'utente che l'operazione
 []


Overfull \hbox (3.88496pt too wide) in paragraph at lines 11--11
[]\T1/cmr/bx/n/12 Controllo dell'utente \T1/cmr/m/n/12 [[]]: l'utente ha il pie
no con-trollo sulla ges-tione dell'errore,
 []


Overfull \hbox (5.7332pt too wide) in paragraph at lines 11--11
\T1/cmr/m/n/12 poichÈ il popup per-me-tte di chi-ud-ere facil-mente l'interfacc
ia e ripren-dere l'attivit‡,
 []

<Immagini/Mockup/notifiche/estensione E/click conferma.png, id=543, 497.4585pt 
x 431.81325pt>
File: Immagini/Mockup/notifiche/estensione E/click conferma.png Graphic file (t
ype png)
<use Immagini/Mockup/notifiche/estensione E/click conferma.png>
Package pdftex.def Info: Immagini/Mockup/notifiche/estensione E/click conferma.
png  used on input line 20.
(pdftex.def)             Requested size: 262.052pt x 227.47624pt.
<Immagini/Mockup/notifiche/estensione E/errore.png, id=544, 498.663pt x 433.62p
t>
File: Immagini/Mockup/notifiche/estensione E/errore.png Graphic file (type png)

<use Immagini/Mockup/notifiche/estensione E/errore.png>
Package pdftex.def Info: Immagini/Mockup/notifiche/estensione E/errore.png  use
d on input line 28.
(pdftex.def)             Requested size: 262.052pt x 227.87225pt.


[60

])
(Requisiti Del Software/Analisi dei Requisiti/Mockup/disattivazione notifiche/e
stensione F.tex

[61 <./Immagini/Mockup/notifiche/estensione E/click conferma.png> <./Immagini/M
ockup/notifiche/estensione E/errore.png>]
<Immagini/Mockup/notifiche/estensione F/clickNotifica.png, id=558, 498.06075pt 
x 433.62pt>
File: Immagini/Mockup/notifiche/estensione F/clickNotifica.png Graphic file (ty
pe png)
<use Immagini/Mockup/notifiche/estensione F/clickNotifica.png>
Package pdftex.def Info: Immagini/Mockup/notifiche/estensione F/clickNotifica.p
ng  used on input line 24.
(pdftex.def)             Requested size: 174.69688pt x 152.09348pt.
<Immagini/Mockup/notifiche/estensione F/clickAttiva.png, id=559, 498.06075pt x 
434.8245pt>
File: Immagini/Mockup/notifiche/estensione F/clickAttiva.png Graphic file (type
 png)
<use Immagini/Mockup/notifiche/estensione F/clickAttiva.png>
Package pdftex.def Info: Immagini/Mockup/notifiche/estensione F/clickAttiva.png
  used on input line 32.
(pdftex.def)             Requested size: 174.69688pt x 152.51595pt.
<Immagini/Mockup/notifiche/estensione F/attivato.png, id=560, 495.0495pt x 431.
211pt>
File: Immagini/Mockup/notifiche/estensione F/attivato.png Graphic file (type pn
g)
<use Immagini/Mockup/notifiche/estensione F/attivato.png>
Package pdftex.def Info: Immagini/Mockup/notifiche/estensione F/attivato.png  u
sed on input line 40.
(pdftex.def)             Requested size: 174.69688pt x 152.1631pt.


[62

]

[63 <./Immagini/Mockup/notifiche/estensione F/clickNotifica.png> <./Immagini/Mo
ckup/notifiche/estensione F/clickAttiva.png> <./Immagini/Mockup/notifiche/esten
sione F/attivato.png>]))
(Requisiti Del Software/Analisi dei Requisiti/Mockup/controproposta/MockUp Cont
roproposta scenarioPrincipale.tex
<Immagini/Mockup/controproposte/scenario principale/clickControproposta.png, id
=573, 604.05675pt x 390.258pt>
File: Immagini/Mockup/controproposte/scenario principale/clickControproposta.pn
g Graphic file (type png)
<use Immagini/Mockup/controproposte/scenario principale/clickControproposta.png
>
Package pdftex.def Info: Immagini/Mockup/controproposte/scenario principale/cli
ckControproposta.png  used on input line 11.
(pdftex.def)             Requested size: 305.72289pt x 197.52235pt.
<Immagini/Mockup/controproposte/scenario principale/ClickInviaControproposta.pn
g, id=574, 600.44325pt x 387.24675pt>
File: Immagini/Mockup/controproposte/scenario principale/ClickInviaContropropos
ta.png Graphic file (type png)
<use Immagini/Mockup/controproposte/scenario principale/ClickInviaContropropost
a.png>
Package pdftex.def Info: Immagini/Mockup/controproposte/scenario principale/Cli
ckInviaControproposta.png  used on input line 19.
(pdftex.def)             Requested size: 305.72289pt x 197.16823pt.
<Immagini/Mockup/controproposte/scenario principale/allertConfermaInvio.png, id
=575, 600.44325pt x 391.4625pt>
File: Immagini/Mockup/controproposte/scenario principale/allertConfermaInvio.pn
g Graphic file (type png)
<use Immagini/Mockup/controproposte/scenario principale/allertConfermaInvio.png
>
Package pdftex.def Info: Immagini/Mockup/controproposte/scenario principale/all
ertConfermaInvio.png  used on input line 27.
(pdftex.def)             Requested size: 305.72289pt x 199.3147pt.


[64]
Overfull \vbox (119.37231pt too high) has occurred while \output is active []



[65 <./Immagini/Mockup/controproposte/scenario principale/clickControproposta.p
ng> <./Immagini/Mockup/controproposte/scenario principale/ClickInviaContropropo
sta.png> <./Immagini/Mockup/controproposte/scenario principale/allertConfermaIn
vio.png>]
<Immagini/Mockup/controproposte/scenario principale/visualizzazioneContropropos
ta.png, id=588, 602.25pt x 389.65575pt>
File: Immagini/Mockup/controproposte/scenario principale/visualizzazioneControp
roposta.png Graphic file (type png)
<use Immagini/Mockup/controproposte/scenario principale/visualizzazioneContropr
oposta.png>
Package pdftex.def Info: Immagini/Mockup/controproposte/scenario principale/vis
ualizzazioneControproposta.png  used on input line 45.
(pdftex.def)             Requested size: 305.72289pt x 197.8121pt.

(Requisiti Del Software/Analisi dei Requisiti/Mockup/controproposta/MockUp Cont
roproposta extensions A.tex
File: Immagini/Mockup/controproposte/scenario principale/ClickInviaContropropos
ta.png Graphic file (type png)
<use Immagini/Mockup/controproposte/scenario principale/ClickInviaContropropost
a.png>
Package pdftex.def Info: Immagini/Mockup/controproposte/scenario principale/Cli
ckInviaControproposta.png  used on input line 7.
(pdftex.def)             Requested size: 305.72289pt x 197.16823pt.
<Immagini/Mockup/controproposte/Extensions A/MessaggioDiErrore.png, id=589, 404
.712pt x 441.44925pt>
File: Immagini/Mockup/controproposte/Extensions A/MessaggioDiErrore.png Graphic
 file (type png)
<use Immagini/Mockup/controproposte/Extensions A/MessaggioDiErrore.png>
Package pdftex.def Info: Immagini/Mockup/controproposte/Extensions A/MessaggioD
iErrore.png  used on input line 15.
(pdftex.def)             Requested size: 305.72289pt x 333.49084pt.


[66 <./Immagini/Mockup/controproposte/scenario principale/visualizzazioneContro
proposta.png>]

[67 <./Immagini/Mockup/controproposte/Extensions A/MessaggioDiErrore.png>])
(Requisiti Del Software/Analisi dei Requisiti/Mockup/controproposta/MockUp Cont
roproposta extensions B.tex
File: Immagini/Mockup/controproposte/scenario principale/ClickInviaContropropos
ta.png Graphic file (type png)
<use Immagini/Mockup/controproposte/scenario principale/ClickInviaContropropost
a.png>
Package pdftex.def Info: Immagini/Mockup/controproposte/scenario principale/Cli
ckInviaControproposta.png  used on input line 7.
(pdftex.def)             Requested size: 305.72289pt x 197.16823pt.
<Immagini/Mockup/controproposte/Extensions B/MessaggioDiErrore.png, id=603, 342
.078pt x 431.81325pt>
File: Immagini/Mockup/controproposte/Extensions B/MessaggioDiErrore.png Graphic
 file (type png)
<use Immagini/Mockup/controproposte/Extensions B/MessaggioDiErrore.png>
Package pdftex.def Info: Immagini/Mockup/controproposte/Extensions B/MessaggioD
iErrore.png  used on input line 15.
(pdftex.def)             Requested size: 305.72289pt x 385.93344pt.

Overfull \vbox (34.16618pt too high) has occurred while \output is active []



[68 <./Immagini/Mockup/controproposte/Extensions B/MessaggioDiErrore.png>])
(Requisiti Del Software/Analisi dei Requisiti/Mockup/controproposta/MockUp Cont
roproposta extensions C.tex
File: Immagini/Mockup/controproposte/scenario principale/ClickInviaContropropos
ta.png Graphic file (type png)
<use Immagini/Mockup/controproposte/scenario principale/ClickInviaContropropost
a.png>
Package pdftex.def Info: Immagini/Mockup/controproposte/scenario principale/Cli
ckInviaControproposta.png  used on input line 7.
(pdftex.def)             Requested size: 305.72289pt x 197.16823pt.
<Immagini/Mockup/controproposte/Extensions C/MessaggioDiErrore.png, id=610, 413
.74574pt x 492.6405pt>
File: Immagini/Mockup/controproposte/Extensions C/MessaggioDiErrore.png Graphic
 file (type png)
<use Immagini/Mockup/controproposte/Extensions C/MessaggioDiErrore.png>
Package pdftex.def Info: Immagini/Mockup/controproposte/Extensions C/MessaggioD
iErrore.png  used on input line 15.
(pdftex.def)             Requested size: 305.72289pt x 364.0371pt.

Overfull \vbox (12.26985pt too high) has occurred while \output is active []



[69 <./Immagini/Mockup/controproposte/Extensions C/MessaggioDiErrore.png>]))))
Chapter 3.
(Design del Sistema/Descrizione Dell'architettura Proposta.tex

[70


]
Overfull \hbox (6.39967pt too wide) in paragraph at lines 15--15
|[]\T1/cmr/bx/n/17.28 Descrizione e mo-ti-vazione delle scelte tec-no-logiche
 []



[71]
<Immagini/diagramma delle classi.drawio.png, id=625, 1648.1575pt x 1122.1925pt>

File: Immagini/diagramma delle classi.drawio.png Graphic file (type png)
<use Immagini/diagramma delle classi.drawio.png>
Package pdftex.def Info: Immagini/diagramma delle classi.drawio.png  used on in
put line 38.
(pdftex.def)             Requested size: 436.7489pt x 297.36247pt.
) (Design del Sistema/Diagramma delle classi di design.tex)
(Design del Sistema/Diagrammi di Sequenza di Design.tex)

[72 <./Immagini/diagramma delle classi.drawio.png>]
Chapter 4.


[73

]
Chapter 5.
(Testing e valutazione dell‚Äôusabilita/Introduzione.tex
(Testing e valutazione dell‚Äôusabilita/Unit Test/Unit Testing.tex
Overfull \hbox (38.44333pt too wide) in paragraph at lines 6--7
[]\T1/cmr/m/n/12 NewDipendenteResponse ad-dDipen-dente(DipendenteRequest re-que
st, String aliasAgen-
 []

(Testing e valutazione dell‚Äôusabilita/Unit Test/addDipendente.tex
Overfull \hbox (38.24347pt too wide) in paragraph at lines 1--1
|[]\T1/cmr/bx/n/14.4 addDipendente(DipendenteRequest re-quest, String aliasAgen
-
 []



[74

]
Underfull \hbox (badness 3579) in paragraph at lines 15--16
\T1/cmr/m/n/12 non vuote/lunghezza
 []


Underfull \hbox (badness 10000) in paragraph at lines 18--19
[]|\T1/cmr/m/n/12 L'insieme
 []


Underfull \hbox (badness 10000) in paragraph at lines 18--19
\T1/cmr/m/n/12 delle stringhe
 []


Underfull \hbox (badness 3579) in paragraph at lines 32--33
\T1/cmr/m/n/12 non vuote/lunghezza
 []


Overfull \hbox (8.61732pt too wide) in paragraph at lines 33--33
[]|\T1/cmr/m/n/12 request.cognome==Morosini;| 
 []


Underfull \hbox (badness 10000) in paragraph at lines 35--36
[]|\T1/cmr/m/n/12 L'insieme
 []


Underfull \hbox (badness 10000) in paragraph at lines 35--36
\T1/cmr/m/n/12 delle stringhe
 []


Underfull \hbox (badness 10000) in paragraph at lines 49--50
[]|\T1/cmr/m/n/12 Stringa di val-ore
 []


Underfull \hbox (badness 10000) in paragraph at lines 52--53
[]|\T1/cmr/m/n/12 Stringa di val-ore
 []


Overfull \hbox (16.7737pt too wide) in paragraph at lines 53--53
[]|\T1/cmr/m/n/12 request.ruolo=="MANAGER"| 
 []


Underfull \hbox (badness 10000) in paragraph at lines 72--72
[]|\T1/cmr/m/n/12 L'insieme delle
 []


Underfull \hbox (badness 10000) in paragraph at lines 72--72
\T1/cmr/m/n/12 stringhe non null
 []


Overfull \hbox (12.6246pt too wide) in paragraph at lines 72--72
[]|\T1/cmr/m/n/12 aliasAgenzia==RobyImmobili| 
 []



[75]))
(Testing e valutazione dell‚Äôusabilita/Valutazione dell‚Äôusabilita/Test di us
abilit√†.tex

[76]
Underfull \hbox (badness 10000) in paragraph at lines 37--41

 []



[77]

[78]

[79]

[80]

[81])) (Servizio/Fonti.tex

[82]
Chapter 6.


[83

]
Underfull \hbox (badness 7963) in paragraph at lines 3--4
[]\T1/cmr/m/n/12 Nielsen, J. (1995). \T1/cmr/m/it/12 10 Heuris-tics for User In
-ter-face De-sign\T1/cmr/m/n/12 . Nielsen
 []


Underfull \hbox (badness 10000) in paragraph at lines 3--4
\T1/cmr/m/n/12 Nor-man Group. Disponi-bile su: []$\T1/cmtt/m/n/12 https : / / w
ww . nngroup . com / articles /
 []

)

[84

] (main.aux)
 ***********
LaTeX2e <2025-06-01> patch level 1
L3 programming layer <2025-09-02>
 ***********


LaTeX Warning: There were multiply-defined labels.

Package rerunfilecheck Info: File `main.out' has not changed.
(rerunfilecheck)             Checksum: 597F93A561CD2FA2D1DDFE57B167C747;6012.
 ) 
Here is how much of TeX's memory you used:
 24429 strings out of 468130
 504190 string characters out of 5430633
 951318 words of memory out of 5000000
 52281 multiletter control sequences out of 15000+600000
 640045 words of font info for 66 fonts, out of 8000000 for 9000
 1141 hyphenation exceptions out of 8191
 102i,18n,107p,1546b,842s stack positions out of 10000i,1000n,20000p,200000b,200000s
 <C:\Users\rbrna\AppData\Local\MiKTeX\fonts/pk/ljfour/jknappen/ec/dpi600\ectt
1200.pk> <C:\Users\rbrna\AppData\Local\MiKTeX\fonts/pk/ljfour/jknappen/ec/dpi60
0\ecrm0800.pk> <C:\Users\rbrna\AppData\Local\MiKTeX\fonts/pk/ljfour/jknappen/ec
/dpi600\ecti1200.pk> <C:\Users\rbrna\AppData\Local\MiKTeX\fonts/pk/ljfour/jknap
pen/ec/dpi600\ecbx1440.pk> <C:\Users\rbrna\AppData\Local\MiKTeX\fonts/pk/ljfour
/jknappen/ec/dpi600\tcrm1200.pk> <C:\Users\rbrna\AppData\Local\MiKTeX\fonts/pk/
ljfour/jknappen/ec/dpi600\ecbx1200.pk> <C:\Users\rbrna\AppData\Local\MiKTeX\fon
ts/pk/ljfour/jknappen/ec/dpi600\ecrm1200.pk> <C:\Users\rbrna\AppData\Local\MiKT
eX\fonts/pk/ljfour/jknappen/ec/dpi600\ecrm1440.pk> <C:\Users\rbrna\AppData\Loca
l\MiKTeX\fonts/pk/ljfour/jknappen/ec/dpi600\ecbx2488.pk> <C:\Users\rbrna\AppDat
a\Local\MiKTeX\fonts/pk/ljfour/jknappen/ec/dpi600\ecbx1728.pk> <C:\Users\rbrna\
AppData\Local\MiKTeX\fonts/pk/ljfour/jknappen/ec/dpi600\ecrm1728.pk> <C:\Users\
rbrna\AppData\Local\MiKTeX\fonts/pk/ljfour/jknappen/ec/dpi600\ecrm2074.pk><C:/U
sers/rbrna/AppData/Local/Programs/MiKTeX/fonts/type1/public/amsfonts/cm/cmex10.
pfb><C:/Users/rbrna/AppData/Local/Programs/MiKTeX/fonts/type1/public/amsfonts/c
m/cmmi12.pfb><C:/Users/rbrna/AppData/Local/Programs/MiKTeX/fonts/type1/public/a
msfonts/cm/cmmi8.pfb><C:/Users/rbrna/AppData/Local/Programs/MiKTeX/fonts/type1/
public/amsfonts/cm/cmr12.pfb><C:/Users/rbrna/AppData/Local/Programs/MiKTeX/font
s/type1/public/amsfonts/cm/cmr8.pfb><C:/Users/rbrna/AppData/Local/Programs/MiKT
eX/fonts/type1/public/amsfonts/cm/cmsy10.pfb>
Output written on main.pdf (85 pages, 6983100 bytes).
PDF statistics:
 1308 PDF objects out of 1440 (max. 8388607)
 173 named destinations out of 1000 (max. 500000)
 489 words of extra memory for PDF output out of 10000 (max. 10000000)

